Relinking labelsTr → labelsTsreal ...
  ! /scratch/rth/jdekok/nnunetv2/nnUNet/nnUNet_raw/Dataset541_* missing
  ! /scratch/rth/jdekok/nnunetv2/nnUNet/nnUNet_raw/Dataset542_* missing
  ! /scratch/rth/jdekok/nnunetv2/nnUNet/nnUNet_raw/Dataset543_* missing
  ! /scratch/rth/jdekok/nnunetv2/nnUNet/nnUNet_raw/Dataset544_* missing
  ! /scratch/rth/jdekok/nnunetv2/nnUNet/nnUNet_raw/Dataset545_* missing
  ! /scratch/rth/jdekok/nnunetv2/nnUNet/nnUNet_raw/Dataset546_* missing
  ! /scratch/rth/jdekok/nnunetv2/nnUNet/nnUNet_raw/Dataset547_* missing
  ! /scratch/rth/jdekok/nnunetv2/nnUNet/nnUNet_raw/Dataset548_* missing
  ! /scratch/rth/jdekok/nnunetv2/nnUNet/nnUNet_raw/Dataset551_* missing
  ! /scratch/rth/jdekok/nnunetv2/nnUNet/nnUNet_raw/Dataset552_* missing
  ! /scratch/rth/jdekok/nnunetv2/nnUNet/nnUNet_raw/Dataset553_* missing
  ! /scratch/rth/jdekok/nnunetv2/nnUNet/nnUNet_raw/Dataset554_* missing
  ! /scratch/rth/jdekok/nnunetv2/nnUNet/nnUNet_raw/Dataset555_* missing
  ! /scratch/rth/jdekok/nnunetv2/nnUNet/nnUNet_raw/Dataset556_* missing
Done relinking.

──────── evaluating mix 541  (raw) ────────
Traceback (most recent call last):
  File "/home/rth/jdekok/my-scratch/.conda/envs/nnunet_env2/bin/nnUNetv2_evaluate_folder", line 8, in <module>
    sys.exit(evaluate_folder_entry_point())
  File "/home/rth/jdekok/my-scratch/.conda/envs/nnunet_env2/lib/python3.10/site-packages/nnunetv2/evaluation/evaluate_predictions.py", line 248, in evaluate_folder_entry_point
    compute_metrics_on_folder2(args.gt_folder, args.pred_folder, args.djfile, args.pfile, args.o, args.np, chill=args.chill)
  File "/home/rth/jdekok/my-scratch/.conda/envs/nnunet_env2/lib/python3.10/site-packages/nnunetv2/evaluation/evaluate_predictions.py", line 204, in compute_metrics_on_folder2
    example_file = subfiles(folder_ref, suffix=file_ending, join=True)[0]
  File "/home/rth/jdekok/my-scratch/.conda/envs/nnunet_env2/lib/python3.10/site-packages/batchgenerators/utilities/file_and_folder_operations.py", line 69, in subfiles
    with os.scandir(folder) as entries:
FileNotFoundError: [Errno 2] No such file or directory: '/scratch/rth/jdekok/nnunetv2/nnUNet/nnUNet_raw/Dataset541_*/labelsTr'
