──── predicting Dataset541_allGen ────
/home/rth/jdekok/my-scratch/.conda/envs/nnunet_env2/lib/python3.10/site-packages/nnunetv2/inference/predict_from_raw_data.py:84: FutureWarning: You are using `torch.load` with `weights_only=False` (the current default value), which uses the default pickle module implicitly. It is possible to construct malicious pickle data which will execute arbitrary code during unpickling (See https://github.com/pytorch/pytorch/blob/main/SECURITY.md#untrusted-models for more details). In a future release, the default value for `weights_only` will be flipped to `True`. This limits the functions that could be executed during unpickling. Arbitrary objects will no longer be allowed to be loaded via this mode unless they are explicitly allowlisted by the user via `torch.serialization.add_safe_globals`. We recommend you start setting `weights_only=True` for any use case where you don't have full control of the loaded file. Please open an issue on GitHub for any issues related to this experimental feature.
  checkpoint = torch.load(join(model_training_output_dir, f'fold_{f}', checkpoint_name),

#######################################################################
Please cite the following paper when using nnU-Net:
Isensee, F., Jaeger, P. F., Kohl, S. A., Petersen, J., & Maier-Hein, K. H. (2021). nnU-Net: a self-configuring method for deep learning-based biomedical image segmentation. Nature methods, 18(2), 203-211.
#######################################################################

Traceback (most recent call last):
  File "/home/rth/jdekok/my-scratch/.conda/envs/nnunet_env2/bin/nnUNetv2_predict", line 8, in <module>
    sys.exit(predict_entry_point())
  File "/home/rth/jdekok/my-scratch/.conda/envs/nnunet_env2/lib/python3.10/site-packages/nnunetv2/inference/predict_from_raw_data.py", line 956, in predict_entry_point
    predictor.predict_from_files(args.i, args.o, save_probabilities=args.save_probabilities,
  File "/home/rth/jdekok/my-scratch/.conda/envs/nnunet_env2/lib/python3.10/site-packages/nnunetv2/inference/predict_from_raw_data.py", line 250, in predict_from_files
    self._manage_input_and_output_lists(list_of_lists_or_source_folder,
  File "/home/rth/jdekok/my-scratch/.conda/envs/nnunet_env2/lib/python3.10/site-packages/nnunetv2/inference/predict_from_raw_data.py", line 171, in _manage_input_and_output_lists
    list_of_lists_or_source_folder = create_lists_from_splitted_dataset_folder(list_of_lists_or_source_folder,
  File "/home/rth/jdekok/my-scratch/.conda/envs/nnunet_env2/lib/python3.10/site-packages/nnunetv2/utilities/utils.py", line 48, in create_lists_from_splitted_dataset_folder
    identifiers = get_identifiers_from_splitted_dataset_folder(folder, file_ending)
  File "/home/rth/jdekok/my-scratch/.conda/envs/nnunet_env2/lib/python3.10/site-packages/nnunetv2/utilities/utils.py", line 28, in get_identifiers_from_splitted_dataset_folder
    files = subfiles(folder, suffix=file_ending, join=False)
  File "/home/rth/jdekok/my-scratch/.conda/envs/nnunet_env2/lib/python3.10/site-packages/batchgenerators/utilities/file_and_folder_operations.py", line 69, in subfiles
    with os.scandir(folder) as entries:
FileNotFoundError: [Errno 2] No such file or directory: '/scratch/rth/jdekok/nnunetv2/nnUNet/nnUNet_raw/Dataset541_allGen/imagesTs'
